<?xml version="1.0" encoding="UTF-8"?>
<testsuite xmlns:xsi="http://www.w3.org/2001/XMLSchema-instance" xsi:noNamespaceSchemaLocation="https://maven.apache.org/surefire/maven-surefire-plugin/xsd/surefire-test-report.xsd" version="3.0.2" name="com.elearning.service.UserServiceTest" time="0.995" tests="26" errors="0" skipped="0" failures="0" flakes="0">
  <properties>
[...]
</properties>
  <testcase name="updateUserRoleAndStatus_success" classname="com.elearning.service.UserServiceTest" time="0.671">
    <system-out><![CDATA[20:22:58.493 [main] INFO com.elearning.service.UserService -- Admin c?p nh?t role/status user: student01
]]></system-out>
  </testcase>
  <testcase name="changePassword_wrongOldPassword_throws" classname="com.elearning.service.UserServiceTest" time="0.007"/>
  <testcase name="deleteUser_student_success" classname="com.elearning.service.UserServiceTest" time="0.105">
    <system-out><![CDATA[20:22:58.603 [main] INFO com.elearning.service.UserService -- === deleteUser START id=1 ===
20:22:58.605 [main] INFO com.elearning.service.UserService -- Found user: enabled=false, role=STUDENT, username=student01
20:22:58.607 [main] INFO com.elearning.service.UserService -- Deleted 1 enrollments for student
20:22:58.607 [main] INFO com.elearning.service.UserService -- DELETE users affected 1 rows
20:22:58.607 [main] INFO com.elearning.service.UserService -- Flush completed
20:22:58.607 [main] INFO com.elearning.service.UserService -- === deleteUser SUCCESS id=1 ===
]]></system-out>
  </testcase>
  <testcase name="deleteUser_lastAdmin_throws" classname="com.elearning.service.UserServiceTest" time="0.005">
    <system-out><![CDATA[20:22:58.612 [main] INFO com.elearning.service.UserService -- === deleteUser START id=3 ===
20:22:58.613 [main] INFO com.elearning.service.UserService -- Found user: enabled=false, role=ADMIN, username=admin
]]></system-out>
  </testcase>
  <testcase name="createUser_duplicateEmail_throws" classname="com.elearning.service.UserServiceTest" time="0.01"/>
  <testcase name="createUser_adminRole_throws" classname="com.elearning.service.UserServiceTest" time="0.006"/>
  <testcase name="updateUser_success" classname="com.elearning.service.UserServiceTest" time="0.009">
    <system-out><![CDATA[20:22:58.641 [main] INFO com.elearning.service.UserService -- ?ã c?p nh?t user: student01
]]></system-out>
  </testcase>
  <testcase name="deleteUser_enabledUser_throws" classname="com.elearning.service.UserServiceTest" time="0.005">
    <system-out><![CDATA[20:22:58.647 [main] INFO com.elearning.service.UserService -- === deleteUser START id=1 ===
20:22:58.647 [main] INFO com.elearning.service.UserService -- Found user: enabled=true, role=STUDENT, username=student01
]]></system-out>
  </testcase>
  <testcase name="searchUsers_withKeyword" classname="com.elearning.service.UserServiceTest" time="0.006"/>
  <testcase name="searchUsersByRole_blankKeyword_returnsByRole" classname="com.elearning.service.UserServiceTest" time="0.005"/>
  <testcase name="updateUser_withPassword_encodes" classname="com.elearning.service.UserServiceTest" time="0.006">
    <system-out><![CDATA[20:22:58.666 [main] INFO com.elearning.service.UserService -- ?ã c?p nh?t user: student01
]]></system-out>
  </testcase>
  <testcase name="getStatistics_returnsCounts" classname="com.elearning.service.UserServiceTest" time="0.016"/>
  <testcase name="getAllUsers_returnsList" classname="com.elearning.service.UserServiceTest" time="0.006"/>
  <testcase name="updateUser_duplicateEmail_throws" classname="com.elearning.service.UserServiceTest" time="0.014"/>
  <testcase name="deleteUser_teacher_success" classname="com.elearning.service.UserServiceTest" time="0.013">
    <system-out><![CDATA[20:22:58.723 [main] INFO com.elearning.service.UserService -- === deleteUser START id=2 ===
20:22:58.724 [main] INFO com.elearning.service.UserService -- Found user: enabled=false, role=TEACHER, username=teacher01
20:22:58.725 [main] INFO com.elearning.service.UserService -- Deleted 1 enrollments for teacher courses
20:22:58.726 [main] INFO com.elearning.service.UserService -- Deleted 1 lessons for teacher courses
20:22:58.726 [main] INFO com.elearning.service.UserService -- Deleted 1 courses for teacher
20:22:58.726 [main] INFO com.elearning.service.UserService -- DELETE users affected 1 rows
20:22:58.727 [main] INFO com.elearning.service.UserService -- Flush completed
20:22:58.727 [main] INFO com.elearning.service.UserService -- === deleteUser SUCCESS id=2 ===
]]></system-out>
  </testcase>
  <testcase name="getUserByUsername_notFound_throws" classname="com.elearning.service.UserServiceTest" time="0.017"/>
  <testcase name="getUsersByRole_returnsFiltered" classname="com.elearning.service.UserServiceTest" time="0.005"/>
  <testcase name="searchUsers_blankKeyword_returnsAll" classname="com.elearning.service.UserServiceTest" time="0.005"/>
  <testcase name="getUserById_notFound_throws" classname="com.elearning.service.UserServiceTest" time="0.007"/>
  <testcase name="getUserByUsername_success" classname="com.elearning.service.UserServiceTest" time="0.004"/>
  <testcase name="changePassword_success" classname="com.elearning.service.UserServiceTest" time="0.007">
    <system-out><![CDATA[20:22:58.778 [main] INFO com.elearning.service.UserService -- User student01 ?ã ??i m?t kh?u thành công
]]></system-out>
  </testcase>
  <testcase name="createUser_duplicateUsername_throws" classname="com.elearning.service.UserServiceTest" time="0.007"/>
  <testcase name="createUser_success" classname="com.elearning.service.UserServiceTest" time="0.008">
    <system-out><![CDATA[20:22:58.797 [main] INFO com.elearning.service.UserService -- ?ã t?o user m?i: newuser - Role: STUDENT
]]></system-out>
  </testcase>
  <testcase name="updateUserRoleAndStatus_setAdmin_throws" classname="com.elearning.service.UserServiceTest" time="0.006"/>
  <testcase name="searchUsersByRole_withKeyword" classname="com.elearning.service.UserServiceTest" time="0.004"/>
  <testcase name="getUserById_success" classname="com.elearning.service.UserServiceTest" time="0.004"/>
</testsuite>